<?xml version="1.0" encoding="UTF-8"?>
<testng-results skipped="0" failed="1" ignored="0" total="2" passed="1">
  <reporter-output>
  </reporter-output>
  <suite name="Default suite" duration-ms="22026" started-at="2019-06-17T23:43:34Z" finished-at="2019-06-17T23:43:56Z">
    <groups>
      <group name="smoke">
        <method signature="LoginPageTest.doLogin()[pri:0, instance:com.syntax.testcases.LoginPageTest@53b32d7]" name="doLogin" class="com.syntax.testcases.LoginPageTest"/>
        <method signature="LoginPageTest.loginToOrangeHRM()[pri:0, instance:com.syntax.testcases.LoginPageTest@53b32d7]" name="loginToOrangeHRM" class="com.syntax.testcases.LoginPageTest"/>
      </group> <!-- smoke -->
    </groups>
    <test name="Default test" duration-ms="22026" started-at="2019-06-17T23:43:34Z" finished-at="2019-06-17T23:43:56Z">
      <class name="com.syntax.testcases.LoginPageTest">
        <test-method status="PASS" signature="generateReport()[pri:0, instance:com.syntax.testcases.LoginPageTest@53b32d7]" name="generateReport" is-config="true" duration-ms="501" started-at="2019-06-17T23:43:34Z" finished-at="2019-06-17T23:43:35Z">
          <reporter-output>
          </reporter-output>
        </test-method> <!-- generateReport -->
        <test-method status="PASS" signature="setUp()[pri:0, instance:com.syntax.testcases.LoginPageTest@53b32d7]" name="setUp" is-config="true" duration-ms="6933" started-at="2019-06-17T23:43:35Z" finished-at="2019-06-17T23:43:42Z">
          <reporter-output>
          </reporter-output>
        </test-method> <!-- setUp -->
        <test-method status="PASS" signature="doLogin()[pri:0, instance:com.syntax.testcases.LoginPageTest@53b32d7]" name="doLogin" duration-ms="7170" started-at="2019-06-17T23:43:42Z" finished-at="2019-06-17T23:43:49Z">
          <reporter-output>
          </reporter-output>
        </test-method> <!-- doLogin -->
        <test-method status="PASS" signature="tearDown()[pri:0, instance:com.syntax.testcases.LoginPageTest@53b32d7]" name="tearDown" is-config="true" duration-ms="1023" started-at="2019-06-17T23:43:49Z" finished-at="2019-06-17T23:43:50Z">
          <reporter-output>
          </reporter-output>
        </test-method> <!-- tearDown -->
        <test-method status="PASS" signature="setUp()[pri:0, instance:com.syntax.testcases.LoginPageTest@53b32d7]" name="setUp" is-config="true" duration-ms="5318" started-at="2019-06-17T23:43:50Z" finished-at="2019-06-17T23:43:55Z">
          <reporter-output>
          </reporter-output>
        </test-method> <!-- setUp -->
        <test-method status="FAIL" signature="loginToOrangeHRM()[pri:0, instance:com.syntax.testcases.LoginPageTest@53b32d7]" name="loginToOrangeHRM" duration-ms="4" started-at="2019-06-17T23:43:55Z" finished-at="2019-06-17T23:43:55Z">
          <exception class="java.lang.NullPointerException">
            <full-stacktrace>
              <![CDATA[java.lang.NullPointerException
at com.syntax.utils.CommonMethods.sendText(CommonMethods.java:62)
at com.syntax.testcases.LoginPageTest.loginToOrangeHRM(LoginPageTest.java:23)
at sun.reflect.NativeMethodAccessorImpl.invoke0(Native Method)
at sun.reflect.NativeMethodAccessorImpl.invoke(Unknown Source)
at sun.reflect.DelegatingMethodAccessorImpl.invoke(Unknown Source)
at java.lang.reflect.Method.invoke(Unknown Source)
at org.testng.internal.MethodInvocationHelper.invokeMethod(MethodInvocationHelper.java:124)
at org.testng.internal.Invoker.invokeMethod(Invoker.java:583)
at org.testng.internal.Invoker.invokeTestMethod(Invoker.java:719)
at org.testng.internal.Invoker.invokeTestMethods(Invoker.java:989)
at org.testng.internal.TestMethodWorker.invokeTestMethods(TestMethodWorker.java:125)
at org.testng.internal.TestMethodWorker.run(TestMethodWorker.java:109)
at org.testng.TestRunner.privateRun(TestRunner.java:648)
at org.testng.TestRunner.run(TestRunner.java:505)
at org.testng.SuiteRunner.runTest(SuiteRunner.java:455)
at org.testng.SuiteRunner.runSequentially(SuiteRunner.java:450)
at org.testng.SuiteRunner.privateRun(SuiteRunner.java:415)
at org.testng.SuiteRunner.run(SuiteRunner.java:364)
at org.testng.SuiteRunnerWorker.runSuite(SuiteRunnerWorker.java:52)
at org.testng.SuiteRunnerWorker.run(SuiteRunnerWorker.java:84)
at org.testng.TestNG.runSuitesSequentially(TestNG.java:1208)
at org.testng.TestNG.runSuitesLocally(TestNG.java:1137)
at org.testng.TestNG.runSuites(TestNG.java:1049)
at org.testng.TestNG.run(TestNG.java:1017)
at org.testng.remote.AbstractRemoteTestNG.run(AbstractRemoteTestNG.java:115)
at org.testng.remote.RemoteTestNG.initAndRun(RemoteTestNG.java:251)
at org.testng.remote.RemoteTestNG.main(RemoteTestNG.java:77)
]]>
            </full-stacktrace>
          </exception> <!-- java.lang.NullPointerException -->
          <reporter-output>
          </reporter-output>
        </test-method> <!-- loginToOrangeHRM -->
        <test-method status="PASS" signature="tearDown()[pri:0, instance:com.syntax.testcases.LoginPageTest@53b32d7]" name="tearDown" is-config="true" duration-ms="1010" started-at="2019-06-17T23:43:55Z" finished-at="2019-06-17T23:43:56Z">
          <reporter-output>
          </reporter-output>
        </test-method> <!-- tearDown -->
        <test-method status="PASS" signature="flushReport()[pri:0, instance:com.syntax.testcases.LoginPageTest@53b32d7]" name="flushReport" is-config="true" duration-ms="5" started-at="2019-06-17T23:43:56Z" finished-at="2019-06-17T23:43:56Z">
          <reporter-output>
          </reporter-output>
        </test-method> <!-- flushReport -->
      </class> <!-- com.syntax.testcases.LoginPageTest -->
    </test> <!-- Default test -->
  </suite> <!-- Default suite -->
</testng-results>
