<?xml version="1.0" encoding="UTF-8"?>
<!-- Generated by org.testng.reporters.JUnitXMLReporter -->
<testsuite hostname="AsÄ±m-Pc" ignored="0" name="Default test" tests="4" failures="0" timestamp="07 Jun 2019 02:02:27 GMT" time="50.839" errors="0">
  <testcase name="getData1" time="4.124" classname="com.Class04.ToolsQaExample"/>
  <testcase name="getData1" time="7.555" classname="com.Class04.ToolsQaExample"/>
  <testcase name="getData1" time="5.383" classname="com.Class04.ToolsQaExample"/>
  <testcase name="getData1" time="5.682" classname="com.Class04.ToolsQaExample"/>
</testsuite> <!-- Default test -->
