<?xml version="1.0" encoding="UTF-8"?>
<!-- Generated by org.testng.reporters.JUnitXMLReporter -->
<testsuite hostname="AsÄ±m-Pc" ignored="0" name="Default test" tests="3" failures="0" timestamp="11 Jun 2019 22:44:30 GMT" time="41.818" errors="0">
  <testcase name="getData" time="13.367" classname="taskHW.TaskDataProvider"/>
  <testcase name="getData" time="13.297" classname="taskHW.TaskDataProvider"/>
  <testcase name="changeAdress" time="7.694" classname="taskHW.TaskDataProvider"/>
</testsuite> <!-- Default test -->
