<?xml version="1.0" encoding="UTF-8"?>
<!-- Generated by org.testng.reporters.JUnitXMLReporter -->
<testsuite hostname="AsÄ±m-Pc" ignored="0" name="Test" tests="3" failures="0" timestamp="10 Jun 2019 04:52:13 GMT" time="39.421" errors="0">
  <testcase name="getData" time="13.098" classname="taskHW.TaskDataProvider"/>
  <testcase name="getData" time="12.99" classname="taskHW.TaskDataProvider"/>
  <testcase name="changeAdress" time="7.572" classname="taskHW.TaskDataProvider"/>
</testsuite> <!-- Test -->
