<?xml version="1.0" encoding="UTF-8"?>
<!-- Generated by org.testng.reporters.JUnitXMLReporter -->
<testsuite hostname="AsÄ±m-Pc" ignored="0" name="Test" tests="2" failures="1" timestamp="16 Jun 2019 00:21:53 GMT" time="12.791" errors="0">
  <testcase name="googleTitleMatch" time="7.068" classname="com.Listeners.FirstLisTestCase">
    <failure type="java.lang.AssertionError" message="expected [true] but found [false]">
      <![CDATA[java.lang.AssertionError: expected [true] but found [false]
at com.Listeners.FirstLisTestCase.googleTitleMatch(FirstLisTestCase.java:23)
... Removed 29 stack frames]]>
    </failure>
  </testcase> <!-- googleTitleMatch -->
  <testcase name="googleTitleVerify" time="5.683" classname="com.Listeners.FirstLisTestCase"/>
</testsuite> <!-- Test -->
