<?xml version="1.0" encoding="UTF-8"?>
<!-- Generated by org.testng.reporters.JUnitXMLReporter -->
<testsuite hostname="AsÄ±m-Pc" ignored="3" name="Smoke Test" tests="2" failures="1" timestamp="16 Jun 2019 18:27:34 GMT" time="27.524" errors="0">
  <testcase name="doLogin" time="9.782" classname="com.syntax.testcases.LoginPageTest"/>
  <testcase name="loginToOrangeHRM" time="0.005" classname="com.syntax.testcases.LoginPageTest">
    <failure type="java.lang.NullPointerException">
      <![CDATA[java.lang.NullPointerException
at com.syntax.utils.CommonMethods.sendText(CommonMethods.java:62)
at com.syntax.testcases.LoginPageTest.loginToOrangeHRM(LoginPageTest.java:23)
... Removed 25 stack frames]]>
    </failure>
  </testcase> <!-- loginToOrangeHRM -->
  <testcase name="addEmployee" time="0.0" classname="com.syntax.testcases.AddEmployeePageTest">
    <ignored/>
  </testcase> <!-- addEmployee -->
  <testcase name="@BeforeTest generateReport" time="0.0" classname="com.syntax.utils.BaseClass">
    <ignored/>
  </testcase> <!-- @BeforeTest generateReport -->
  <testcase name="@AfterTest flushReport" time="0.0" classname="com.syntax.utils.BaseClass">
    <ignored/>
  </testcase> <!-- @AfterTest flushReport -->
</testsuite> <!-- Smoke Test -->
