<?xml version="1.0" encoding="UTF-8"?>
<!-- Generated by org.testng.reporters.JUnitXMLReporter -->
<testsuite hostname="AsÄ±m-Pc" ignored="2" name="Test" tests="10" failures="0" timestamp="16 Jun 2019 15:20:48 GMT" time="291.942" errors="0">
  <testcase name="addEmployee" time="30.51" classname="com.syntax.testcases.AddEmployeePageTest"/>
  <testcase name="addEmployee" time="21.052" classname="com.syntax.testcases.AddEmployeePageTest"/>
  <testcase name="addEmployee" time="20.118" classname="com.syntax.testcases.AddEmployeePageTest"/>
  <testcase name="addEmployee" time="27.07" classname="com.syntax.testcases.AddEmployeePageTest"/>
  <testcase name="addEmployee" time="22.106" classname="com.syntax.testcases.AddEmployeePageTest"/>
  <testcase name="addEmployee" time="17.97" classname="com.syntax.testcases.AddEmployeePageTest"/>
  <testcase name="addEmployee" time="21.739" classname="com.syntax.testcases.AddEmployeePageTest"/>
  <testcase name="addEmployee" time="20.188" classname="com.syntax.testcases.AddEmployeePageTest"/>
  <testcase name="addEmployee" time="19.075" classname="com.syntax.testcases.AddEmployeePageTest"/>
  <testcase name="addEmployee" time="21.03" classname="com.syntax.testcases.AddEmployeePageTest"/>
  <testcase name="doLogin" time="0.0" classname="com.syntax.testcases.LoginPageTest">
    <ignored/>
  </testcase> <!-- doLogin -->
  <testcase name="loginToOrangeHRM" time="0.0" classname="com.syntax.testcases.LoginPageTest">
    <ignored/>
  </testcase> <!-- loginToOrangeHRM -->
</testsuite> <!-- Test -->
